<?xml version="1.0" encoding="UTF-8"?>
<testsuite xmlns:xsi="http://www.w3.org/2001/XMLSchema-instance" xsi:noNamespaceSchemaLocation="https://maven.apache.org/surefire/maven-surefire-plugin/xsd/surefire-test-report-3.0.xsd" version="3.0" name="wiki.misie.CentralLimitOrderBookTest" time="0.611" tests="4" errors="0" skipped="0" failures="0">
  <properties>
    <property name="java.specification.version" value="17"/>
    <property name="sun.jnu.encoding" value="UTF-8"/>
    <property name="java.class.path" value="/home/runner/OrderBook/target/test-classes:/home/runner/OrderBook/target/classes:/home/runner/.m2/repository/org/junit/jupiter/junit-jupiter-api/5.8.2/junit-jupiter-api-5.8.2.jar:/home/runner/.m2/repository/org/opentest4j/opentest4j/1.2.0/opentest4j-1.2.0.jar:/home/runner/.m2/repository/org/junit/platform/junit-platform-commons/1.8.2/junit-platform-commons-1.8.2.jar:/home/runner/.m2/repository/org/apiguardian/apiguardian-api/1.1.2/apiguardian-api-1.1.2.jar:/home/runner/.m2/repository/com/googlecode/json-simple/json-simple/1.1.1/json-simple-1.1.1.jar:/home/runner/.m2/repository/junit/junit/4.10/junit-4.10.jar:/home/runner/.m2/repository/org/hamcrest/hamcrest-core/1.1/hamcrest-core-1.1.jar:"/>
    <property name="java.vm.vendor" value="GraalVM Community"/>
    <property name="sun.arch.data.model" value="64"/>
    <property name="java.vendor.url" value="https://www.graalvm.org/"/>
    <property name="os.name" value="Linux"/>
    <property name="java.vm.specification.version" value="17"/>
    <property name="sun.java.launcher" value="SUN_STANDARD"/>
    <property name="user.country" value="US"/>
    <property name="sun.boot.library.path" value="/nix/store/gpxl5qgg8kicmcvivwmybwjlpf7wh20l-graalvm17-ce-22.3.0/lib"/>
    <property name="sun.java.command" value="/home/runner/OrderBook/target/surefire/surefirebooter6246706414477282699.jar /home/runner/OrderBook/target/surefire 2023-03-17T00-04-32_109-jvmRun1 surefire6825821351389835722tmp surefire_0241971507576434792tmp"/>
    <property name="jdk.debug" value="release"/>
    <property name="surefire.test.class.path" value="/home/runner/OrderBook/target/test-classes:/home/runner/OrderBook/target/classes:/home/runner/.m2/repository/org/junit/jupiter/junit-jupiter-api/5.8.2/junit-jupiter-api-5.8.2.jar:/home/runner/.m2/repository/org/opentest4j/opentest4j/1.2.0/opentest4j-1.2.0.jar:/home/runner/.m2/repository/org/junit/platform/junit-platform-commons/1.8.2/junit-platform-commons-1.8.2.jar:/home/runner/.m2/repository/org/apiguardian/apiguardian-api/1.1.2/apiguardian-api-1.1.2.jar:/home/runner/.m2/repository/com/googlecode/json-simple/json-simple/1.1.1/json-simple-1.1.1.jar:/home/runner/.m2/repository/junit/junit/4.10/junit-4.10.jar:/home/runner/.m2/repository/org/hamcrest/hamcrest-core/1.1/hamcrest-core-1.1.jar:"/>
    <property name="sun.cpu.endian" value="little"/>
    <property name="user.home" value="/home/runner"/>
    <property name="user.language" value="en"/>
    <property name="java.specification.vendor" value="Oracle Corporation"/>
    <property name="java.version.date" value="2022-10-18"/>
    <property name="java.home" value="/nix/store/gpxl5qgg8kicmcvivwmybwjlpf7wh20l-graalvm17-ce-22.3.0"/>
    <property name="file.separator" value="/"/>
    <property name="basedir" value="/home/runner/OrderBook"/>
    <property name="java.vm.compressedOopsMode" value="32-bit"/>
    <property name="jdk.internal.vm.ci.enabled" value="true"/>
    <property name="line.separator" value="&#10;"/>
    <property name="java.specification.name" value="Java Platform API Specification"/>
    <property name="java.vm.specification.vendor" value="Oracle Corporation"/>
    <property name="surefire.real.class.path" value="/home/runner/OrderBook/target/surefire/surefirebooter6246706414477282699.jar"/>
    <property name="sun.management.compiler" value="HotSpot 64-Bit Tiered Compilers"/>
    <property name="java.runtime.version" value="17.0.5+8-jvmci-22.3-b08"/>
    <property name="user.name" value="runner"/>
    <property name="path.separator" value=":"/>
    <property name="os.version" value="5.15.0-1030-gcp"/>
    <property name="java.runtime.name" value="OpenJDK Runtime Environment"/>
    <property name="file.encoding" value="UTF-8"/>
    <property name="java.vm.name" value="OpenJDK 64-Bit Server VM"/>
    <property name="java.vendor.version" value="GraalVM CE 22.3.0"/>
    <property name="localRepository" value="/home/runner/.m2/repository"/>
    <property name="java.vendor.url.bug" value="https://github.com/oracle/graal/issues"/>
    <property name="java.io.tmpdir" value="/tmp"/>
    <property name="java.version" value="17.0.5"/>
    <property name="user.dir" value="/home/runner/OrderBook"/>
    <property name="os.arch" value="amd64"/>
    <property name="java.vm.specification.name" value="Java Virtual Machine Specification"/>
    <property name="native.encoding" value="UTF-8"/>
    <property name="java.library.path" value="/nix/store/a4pff549sk2idnkpzk5nsfps3mdkdnvm-cups-2.4.2-lib/lib:/nix/store/72mqxxhh3cy5yifh92wh2yb8cl2hikyy-cairo-1.16.0/lib:/nix/store/2k366jrbsra97gjfxwvrhvixjfxdach5-glib-2.74.1/lib:/nix/store/2j2znigd8ak37rlwh9khz0ry3clqlw1l-gtk+3-3.24.34/lib:/nix/store/hisqvx32cd57apbpcsnkpx6k3549wql1-libglvnd-1.4.0/lib:/nix/store/p36pgcv991mq5srvg765b78yqpxvk3qs-mesa-21.3.3-drivers/lib:/nix/store/mav4251if1ahjq5vkpwycyyvnmy459c4-pulseaudio-14.2/lib:/usr/java/packages/lib:/usr/lib64:/lib64:/lib:/usr/lib"/>
    <property name="java.vm.info" value="mixed mode, sharing"/>
    <property name="java.vendor" value="GraalVM Community"/>
    <property name="java.vm.version" value="17.0.5+8-jvmci-22.3-b08"/>
    <property name="sun.io.unicode.encoding" value="UnicodeLittle"/>
    <property name="java.class.version" value="61.0"/>
  </properties>
  <testcase name="givenAggressiveSellOrder_whenAddedToOrderBook_thenShouldMatchBuyOrdersInPriceTimePriority" classname="wiki.misie.CentralLimitOrderBookTest" time="0.353">
    <system-out><![CDATA[Running test: givenAggressiveSellOrder_whenAddedToOrderBook_thenShouldMatchBuyOrdersInPriceTimePriority()
trade 5,1,95.0,1000
trade 5,3,95.0,500
trade 5,2,95.0,500
2,B,98,700
4,S,101,2000
]]></system-out>
  </testcase>
  <testcase name="givenBuyAndSellOrders_whenAddedToOrderBook_thenShouldNotMatchOrders" classname="wiki.misie.CentralLimitOrderBookTest" time="0.009">
    <system-out><![CDATA[Running test: givenBuyAndSellOrders_whenAddedToOrderBook_thenShouldNotMatchOrders()
1,B,99,1000
3,B,99,500
2,B,98,1200
4,S,101,2000
]]></system-out>
  </testcase>
  <testcase name="givenOrdersWithNoMatch_whenAddedToOrderBook_thenShouldNotMatchOrders" classname="wiki.misie.CentralLimitOrderBookTest" time="0.014">
    <system-out><![CDATA[Running test: givenOrdersWithNoMatch_whenAddedToOrderBook_thenShouldNotMatchOrders()
4,B,99,50000
1,B,98,25500
2,S,100,500
3,S,100,10000
5,S,103,100
6,S,105,20000
]]></system-out>
  </testcase>
  <testcase name="givenBuyOrders_whenAddedToOrderBook_thenShouldMatchOrdersInPriceTimePriority" classname="wiki.misie.CentralLimitOrderBookTest" time="0.012">
    <system-out><![CDATA[Running test: givenBuyOrders_whenAddedToOrderBook_thenShouldMatchOrdersInPriceTimePriority()
1,B,99,1000
3,B,99,500
2,B,98,1200
]]></system-out>
  </testcase>
</testsuite>